{"C:\\Users\\ASUS\\Downloads\\Day17\\app.js": {"path":"C:\\Users\\ASUS\\Downloads\\Day17\\app.js","statementMap":{"0":{"start":{"line":1,"column":16},"end":{"line":1,"column":34}},"1":{"start":{"line":2,"column":12},"end":{"line":2,"column":21}},"2":{"start":{"line":3,"column":0},"end":{"line":3,"column":24}},"3":{"start":{"line":4,"column":12},"end":{"line":4,"column":14}},"4":{"start":{"line":5,"column":12},"end":{"line":5,"column":14}},"5":{"start":{"line":6,"column":0},"end":{"line":6,"column":52}},"6":{"start":{"line":6,"column":27},"end":{"line":6,"column":50}},"7":{"start":{"line":7,"column":0},"end":{"line":13,"column":3}},"8":{"start":{"line":8,"column":26},"end":{"line":8,"column":34}},"9":{"start":{"line":9,"column":2},"end":{"line":9,"column":80}},"10":{"start":{"line":9,"column":23},"end":{"line":9,"column":80}},"11":{"start":{"line":10,"column":15},"end":{"line":10,"column":52}},"12":{"start":{"line":11,"column":2},"end":{"line":11,"column":19}},"13":{"start":{"line":12,"column":2},"end":{"line":12,"column":29}},"14":{"start":{"line":14,"column":0},"end":{"line":14,"column":49}},"15":{"start":{"line":14,"column":32},"end":{"line":14,"column":47}},"16":{"start":{"line":15,"column":0},"end":{"line":21,"column":3}},"17":{"start":{"line":16,"column":29},"end":{"line":16,"column":37}},"18":{"start":{"line":17,"column":2},"end":{"line":17,"column":83}},"19":{"start":{"line":17,"column":26},"end":{"line":17,"column":83}},"20":{"start":{"line":18,"column":15},"end":{"line":18,"column":55}},"21":{"start":{"line":19,"column":2},"end":{"line":19,"column":19}},"22":{"start":{"line":20,"column":2},"end":{"line":20,"column":29}},"23":{"start":{"line":22,"column":0},"end":{"line":22,"column":49}},"24":{"start":{"line":22,"column":32},"end":{"line":22,"column":47}},"25":{"start":{"line":23,"column":0},"end":{"line":23,"column":21}}},"fnMap":{"0":{"name":"(anonymous_0)","decl":{"start":{"line":6,"column":13},"end":{"line":6,"column":14}},"loc":{"start":{"line":6,"column":27},"end":{"line":6,"column":50}},"line":6},"1":{"name":"(anonymous_1)","decl":{"start":{"line":7,"column":19},"end":{"line":7,"column":20}},"loc":{"start":{"line":7,"column":33},"end":{"line":13,"column":1}},"line":7},"2":{"name":"(anonymous_2)","decl":{"start":{"line":14,"column":18},"end":{"line":14,"column":19}},"loc":{"start":{"line":14,"column":32},"end":{"line":14,"column":47}},"line":14},"3":{"name":"(anonymous_3)","decl":{"start":{"line":15,"column":19},"end":{"line":15,"column":20}},"loc":{"start":{"line":15,"column":33},"end":{"line":21,"column":1}},"line":15},"4":{"name":"(anonymous_4)","decl":{"start":{"line":22,"column":18},"end":{"line":22,"column":19}},"loc":{"start":{"line":22,"column":32},"end":{"line":22,"column":47}},"line":22}},"branchMap":{"0":{"loc":{"start":{"line":9,"column":2},"end":{"line":9,"column":80}},"type":"if","locations":[{"start":{"line":9,"column":2},"end":{"line":9,"column":80}},{"start":{},"end":{}}],"line":9},"1":{"loc":{"start":{"line":9,"column":6},"end":{"line":9,"column":21}},"type":"binary-expr","locations":[{"start":{"line":9,"column":6},"end":{"line":9,"column":11}},{"start":{"line":9,"column":15},"end":{"line":9,"column":21}}],"line":9},"2":{"loc":{"start":{"line":17,"column":2},"end":{"line":17,"column":83}},"type":"if","locations":[{"start":{"line":17,"column":2},"end":{"line":17,"column":83}},{"start":{},"end":{}}],"line":17},"3":{"loc":{"start":{"line":17,"column":6},"end":{"line":17,"column":24}},"type":"binary-expr","locations":[{"start":{"line":17,"column":6},"end":{"line":17,"column":12}},{"start":{"line":17,"column":16},"end":{"line":17,"column":24}}],"line":17}},"s":{"0":2,"1":2,"2":2,"3":2,"4":2,"5":2,"6":1,"7":2,"8":3,"9":3,"10":2,"11":1,"12":1,"13":1,"14":2,"15":1,"16":2,"17":3,"18":3,"19":2,"20":1,"21":1,"22":1,"23":2,"24":1,"25":2},"f":{"0":1,"1":3,"2":1,"3":3,"4":1},"b":{"0":[2,1],"1":[3,2],"2":[2,1],"3":[3,2]},"_coverageSchema":"1a1c01bbd47fc00a2c39e90264f33305004495a9","hash":"e53c771306f7788123e059d23c06ed9f79986f79"}
}
