TN:
SF:app.js
FN:6,(anonymous_0)
FN:7,(anonymous_1)
FN:14,(anonymous_2)
FN:15,(anonymous_3)
FN:22,(anonymous_4)
FNF:5
FNH:5
FNDA:1,(anonymous_0)
FNDA:3,(anonymous_1)
FNDA:1,(anonymous_2)
FNDA:3,(anonymous_3)
FNDA:1,(anonymous_4)
DA:1,2
DA:2,2
DA:3,2
DA:4,2
DA:5,2
DA:6,2
DA:7,2
DA:8,3
DA:9,3
DA:10,1
DA:11,1
DA:12,1
DA:14,2
DA:15,2
DA:16,3
DA:17,3
DA:18,1
DA:19,1
DA:20,1
DA:22,2
DA:23,2
LF:21
LH:21
BRDA:9,0,0,2
BRDA:9,0,1,1
BRDA:9,1,0,3
BRDA:9,1,1,2
BRDA:17,2,0,2
BRDA:17,2,1,1
BRDA:17,3,0,3
BRDA:17,3,1,2
BRF:8
BRH:8
end_of_record
